Case #1: 1 0
Case #2: 9 3
Case #3: 10 10
Case #4: 8 3
Case #5: 5 2
Case #6: 8 3
Case #7: 6 6
Case #8: 2 0
Case #9: 7 0
Case #10: 9 4
Case #11: 7 1
Case #12: 7 0
Case #13: 8 1
Case #14: 8 4
Case #15: 10 10
Case #16: 0 0
Case #17: 3 3
Case #18: 4 4
Case #19: 7 1
Case #20: 6 0
Case #21: 2 0
Case #22: 10 10
Case #23: 8 3
Case #24: 10 10
Case #25: 7 1
Case #26: 9 9
Case #27: 8 8
Case #28: 8 5
Case #29: 0 0
Case #30: 6 3
Case #31: 8 1
Case #32: 0 0
Case #33: 6 1
Case #34: 6 6
Case #35: 0 0
Case #36: 0 0
Case #37: 10 10
Case #38: 6 0
Case #39: 0 0
Case #40: 8 3
Case #41: 4 1
Case #42: 10 3
Case #43: 6 2
Case #44: 0 0
Case #45: 0 0
Case #46: 0 0
Case #47: 7 1
Case #48: 0 0
Case #49: 10 10
Case #50: 6 0
